/home/zygis/RP/research-project/venv/bin/python /home/zygis/RP/research-project/main.py
Method:  dt
Split:  10
/home/zygis/RP/research-project/venv/lib/python3.10/site-packages/torchmetrics/utilities/prints.py:43: UserWarning: Encountered more than 100 detections in a single image. This means that certain detections with the lowest scores will be ignored, that may have an undesirable impact on performance. Please consider adjusting the `max_detection_threshold` to suit your use case. To disable this warning, set attribute class `warn_on_many_detections=False`, after initializing the metric.
  warnings.warn(*args, **kwargs)  # noqa: B028
Model:  1
{'classes': tensor([ 0,  1,  2,  3,  4,  5,  6,  7,  8,  9, 10, 11, 12, 13, 14, 15, 16, 17, 18, 19], dtype=torch.int32),
 'map': tensor(0.3830),
 'map_50': tensor(0.5733),
 'map_75': tensor(0.4140),
 'map_large': tensor(0.4640),
 'map_medium': tensor(0.2517),
 'map_per_class': tensor([0.4915, 0.3110, 0.4123, 0.3201, 0.3853, 0.4714, 0.3891, 0.4417, 0.4708, 0.1945, 0.6161, 0.4578, 0.4278, 0.4915, 0.2918, 0.2573, 0.3147, 0.1645, 0.3569, 0.3938]),
 'map_small': tensor(0.0831),
 'mar_1': tensor(0.3927),
 'mar_10': tensor(0.6001),
 'mar_100': tensor(0.6373),
 'mar_100_per_class': tensor([0.6670, 0.5506, 0.7118, 0.6677, 0.7158, 0.6954, 0.6301, 0.6382, 0.6542, 0.4898, 0.7559, 0.6364, 0.6628, 0.6976, 0.5061, 0.5872, 0.6102, 0.4958, 0.7574, 0.6169]),
 'mar_large': tensor(0.7216),
 'mar_medium': tensor(0.5107),
 'mar_small': tensor(0.2505)}
Model:  2
{'classes': tensor([ 0,  1,  2,  3,  4,  5,  6,  7,  8,  9, 10, 11, 12, 13, 14, 15, 16, 17, 18, 19], dtype=torch.int32),
 'map': tensor(0.3409),
 'map_50': tensor(0.5051),
 'map_75': tensor(0.3666),
 'map_large': tensor(0.4247),
 'map_medium': tensor(0.2029),
 'map_per_class': tensor([0.2736, 0.2807, 0.3867, 0.2678, 0.3497, 0.4374, 0.3596, 0.4514, 0.4552, 0.1884, 0.5927, 0.3819, 0.4106, 0.5214, 0.1950, 0.1288, 0.2850, 0.1357, 0.3262, 0.3896]),
 'map_small': tensor(0.0484),
 'mar_1': tensor(0.3671),
 'mar_10': tensor(0.5015),
 'mar_100': tensor(0.5071),
 'mar_100_per_class': tensor([0.4357, 0.4369, 0.5804, 0.5415, 0.5930, 0.5775, 0.5167, 0.5372, 0.5655, 0.3466, 0.6894, 0.4903, 0.5670, 0.6407, 0.3280, 0.3202, 0.5024, 0.3437, 0.6111, 0.5191]),
 'mar_large': tensor(0.5973),
 'mar_medium': tensor(0.3577),
 'mar_small': tensor(0.1316)}
Model:  3
{'classes': tensor([ 0,  1,  2,  3,  4,  5,  6,  7,  8,  9, 10, 11, 12, 13, 14, 15, 16, 17, 18, 19], dtype=torch.int32),
 'map': tensor(0.3202),
 'map_50': tensor(0.4751),
 'map_75': tensor(0.3431),
 'map_large': tensor(0.4016),
 'map_medium': tensor(0.1849),
 'map_per_class': tensor([0.2131, 0.2548, 0.3416, 0.2143, 0.2995, 0.4118, 0.3279, 0.4392, 0.4556, 0.1878, 0.5836, 0.3724, 0.4070, 0.5194, 0.1826, 0.1208, 0.2672, 0.1180, 0.2970, 0.3900]),
 'map_small': tensor(0.0381),
 'mar_1': tensor(0.3559),
 'mar_10': tensor(0.4705),
 'mar_100': tensor(0.4745),
 'mar_100_per_class': tensor([0.3507, 0.3831, 0.5338, 0.4660, 0.5279, 0.5568, 0.4907, 0.5320, 0.5521, 0.3124, 0.6619, 0.4734, 0.5625, 0.6471, 0.2956, 0.2698, 0.4693, 0.2963, 0.6013, 0.5072]),
 'mar_large': tensor(0.5661),
 'mar_medium': tensor(0.3181),
 'mar_small': tensor(0.0915)}
Model:  4
{'classes': tensor([ 0,  1,  2,  3,  4,  5,  6,  7,  8,  9, 10, 11, 12, 13, 14, 15, 16, 17, 18, 19], dtype=torch.int32),
 'map': tensor(0.3070),
 'map_50': tensor(0.4563),
 'map_75': tensor(0.3284),
 'map_large': tensor(0.3860),
 'map_medium': tensor(0.1766),
 'map_per_class': tensor([0.1872, 0.2507, 0.3020, 0.2184, 0.3018, 0.4094, 0.3055, 0.4349, 0.4444, 0.1835, 0.5594, 0.3556, 0.4138, 0.5089, 0.1724, 0.0829, 0.2361, 0.1122, 0.2737, 0.3873]),
 'map_small': tensor(0.0324),
 'mar_1': tensor(0.3475),
 'mar_10': tensor(0.4498),
 'mar_100': tensor(0.4524),
 'mar_100_per_class': tensor([0.3065, 0.3862, 0.5053, 0.4484, 0.5047, 0.5330, 0.4449, 0.5310, 0.5484, 0.3173, 0.6513, 0.4460, 0.5561, 0.6167, 0.2793, 0.2021, 0.4217, 0.2651, 0.5917, 0.4915]),
 'mar_large': tensor(0.5413),
 'mar_medium': tensor(0.2955),
 'mar_small': tensor(0.0876)}
Split:  20
Model:  1
{'classes': tensor([ 0,  1,  2,  3,  4,  5,  6,  7,  8,  9, 10, 11, 12, 13, 14, 15, 16, 17, 18, 19], dtype=torch.int32),
 'map': tensor(0.4166),
 'map_50': tensor(0.6158),
 'map_75': tensor(0.4456),
 'map_large': tensor(0.4972),
 'map_medium': tensor(0.2796),
 'map_per_class': tensor([0.5147, 0.3299, 0.4669, 0.4284, 0.4235, 0.5063, 0.4369, 0.5065, 0.4772, 0.2561, 0.6341, 0.4587, 0.4599, 0.5490, 0.2930, 0.2805, 0.3320, 0.1942, 0.3556, 0.4277]),
 'map_small': tensor(0.0843),
 'mar_1': tensor(0.4059),
 'mar_10': tensor(0.6128),
 'mar_100': tensor(0.6404),
 'mar_100_per_class': tensor([0.6680, 0.5612, 0.7066, 0.6862, 0.7088, 0.7295, 0.6581, 0.6597, 0.6611, 0.4819, 0.7578, 0.6324, 0.6564, 0.7100, 0.4864, 0.5794, 0.5968, 0.4834, 0.7597, 0.6254]),
 'mar_large': tensor(0.7193),
 'mar_medium': tensor(0.5152),
 'mar_small': tensor(0.2898)}
Model:  2
{'classes': tensor([ 0,  1,  2,  3,  4,  5,  6,  7,  8,  9, 10, 11, 12, 13, 14, 15, 16, 17, 18, 19], dtype=torch.int32),
 'map': tensor(0.3859),
 'map_50': tensor(0.5632),
 'map_75': tensor(0.4144),
 'map_large': tensor(0.4699),
 'map_medium': tensor(0.2363),
 'map_per_class': tensor([0.3696, 0.3238, 0.4421, 0.3745, 0.4138, 0.4982, 0.4149, 0.4754, 0.4623, 0.2451, 0.6350, 0.3974, 0.4618, 0.5289, 0.2223, 0.1601, 0.3197, 0.1708, 0.3672, 0.4352]),
 'map_small': tensor(0.0693),
 'mar_1': tensor(0.3907),
 'mar_10': tensor(0.5446),
 'mar_100': tensor(0.5544),
 'mar_100_per_class': tensor([0.5443, 0.4790, 0.6275, 0.6072, 0.6186, 0.6614, 0.5726, 0.5781, 0.5811, 0.4106, 0.7106, 0.5384, 0.6074, 0.6331, 0.3542, 0.4017, 0.5027, 0.4146, 0.6742, 0.5715]),
 'mar_large': tensor(0.6372),
 'mar_medium': tensor(0.4013),
 'mar_small': tensor(0.2104)}
Model:  3
{'classes': tensor([ 0,  1,  2,  3,  4,  5,  6,  7,  8,  9, 10, 11, 12, 13, 14, 15, 16, 17, 18, 19], dtype=torch.int32),
 'map': tensor(0.3713),
 'map_50': tensor(0.5419),
 'map_75': tensor(0.3944),
 'map_large': tensor(0.4542),
 'map_medium': tensor(0.2191),
 'map_per_class': tensor([0.3234, 0.3010, 0.4127, 0.3526, 0.3833, 0.4833, 0.3968, 0.4835, 0.4501, 0.2282, 0.6233, 0.3857, 0.4437, 0.5421, 0.2092, 0.1399, 0.3254, 0.1578, 0.3412, 0.4431]),
 'map_small': tensor(0.0619),
 'mar_1': tensor(0.3831),
 'mar_10': tensor(0.5230),
 'mar_100': tensor(0.5305),
 'mar_100_per_class': tensor([0.4836, 0.4634, 0.5893, 0.5746, 0.5917, 0.6322, 0.5588, 0.5783, 0.5718, 0.3878, 0.7013, 0.5157, 0.5811, 0.6502, 0.3397, 0.3281, 0.4885, 0.3570, 0.6584, 0.5592]),
 'mar_large': tensor(0.6133),
 'mar_medium': tensor(0.3738),
 'mar_small': tensor(0.1948)}
Model:  4
{'classes': tensor([ 0,  1,  2,  3,  4,  5,  6,  7,  8,  9, 10, 11, 12, 13, 14, 15, 16, 17, 18, 19], dtype=torch.int32),
 'map': tensor(0.3620),
 'map_50': tensor(0.5264),
 'map_75': tensor(0.3849),
 'map_large': tensor(0.4475),
 'map_medium': tensor(0.2059),
 'map_per_class': tensor([0.3061, 0.2857, 0.4108, 0.3432, 0.3572, 0.4874, 0.3869, 0.4701, 0.4481, 0.2215, 0.6229, 0.3857, 0.4497, 0.5302, 0.2014, 0.1299, 0.3085, 0.1450, 0.3261, 0.4239]),
 'map_small': tensor(0.0526),
 'mar_1': tensor(0.3744),
 'mar_10': tensor(0.5040),
 'mar_100': tensor(0.5102),
 'mar_100_per_class': tensor([0.4527, 0.4267, 0.5793, 0.5484, 0.5519, 0.6201, 0.5435, 0.5676, 0.5695, 0.3752, 0.6956, 0.5000, 0.5803, 0.6429, 0.3116, 0.2921, 0.4725, 0.3238, 0.6235, 0.5271]),
 'mar_large': tensor(0.5957),
 'mar_medium': tensor(0.3503),
 'mar_small': tensor(0.1511)}
Split:  50
Model:  1
{'classes': tensor([ 0,  1,  2,  3,  4,  5,  6,  7,  8,  9, 10, 11, 12, 13, 14, 15, 16, 17, 18, 19], dtype=torch.int32),
 'map': tensor(0.4676),
 'map_50': tensor(0.6659),
 'map_75': tensor(0.5051),
 'map_large': tensor(0.5604),
 'map_medium': tensor(0.3138),
 'map_per_class': tensor([0.5318, 0.3865, 0.5345, 0.4525, 0.5227, 0.5691, 0.4990, 0.5365, 0.5450, 0.2916, 0.6629, 0.4884, 0.5351, 0.5777, 0.3244, 0.3377, 0.3959, 0.2522, 0.4122, 0.4951]),
 'map_small': tensor(0.1088),
 'mar_1': tensor(0.4297),
 'mar_10': tensor(0.6343),
 'mar_100': tensor(0.6621),
 'mar_100_per_class': tensor([0.6798, 0.5744, 0.7278, 0.6948, 0.7317, 0.7391, 0.6765, 0.6793, 0.6905, 0.5200, 0.7678, 0.6431, 0.7043, 0.7258, 0.5190, 0.6090, 0.6251, 0.5328, 0.7442, 0.6572]),
 'mar_large': tensor(0.7407),
 'mar_medium': tensor(0.5328),
 'mar_small': tensor(0.3070)}
Model:  2
{'classes': tensor([ 0,  1,  2,  3,  4,  5,  6,  7,  8,  9, 10, 11, 12, 13, 14, 15, 16, 17, 18, 19], dtype=torch.int32),
 'map': tensor(0.4438),
 'map_50': tensor(0.6354),
 'map_75': tensor(0.4805),
 'map_large': tensor(0.5402),
 'map_medium': tensor(0.2903),
 'map_per_class': tensor([0.4714, 0.3776, 0.4943, 0.4360, 0.4984, 0.5819, 0.4841, 0.5507, 0.5270, 0.2831, 0.6447, 0.4451, 0.5141, 0.5692, 0.2918, 0.2696, 0.3686, 0.2179, 0.3709, 0.4804]),
 'map_small': tensor(0.0889),
 'mar_1': tensor(0.4191),
 'mar_10': tensor(0.6004),
 'mar_100': tensor(0.6190),
 'mar_100_per_class': tensor([0.6366, 0.5148, 0.6626, 0.6545, 0.6867, 0.7225, 0.6480, 0.6521, 0.6611, 0.4697, 0.7319, 0.5882, 0.6806, 0.6991, 0.4573, 0.5314, 0.5858, 0.4614, 0.7214, 0.6152]),
 'mar_large': tensor(0.7034),
 'mar_medium': tensor(0.4825),
 'mar_small': tensor(0.2464)}
Model:  3
{'classes': tensor([ 0,  1,  2,  3,  4,  5,  6,  7,  8,  9, 10, 11, 12, 13, 14, 15, 16, 17, 18, 19], dtype=torch.int32),
 'map': tensor(0.4316),
 'map_50': tensor(0.6168),
 'map_75': tensor(0.4664),
 'map_large': tensor(0.5280),
 'map_medium': tensor(0.2726),
 'map_per_class': tensor([0.4524, 0.3561, 0.4849, 0.4190, 0.4938, 0.5668, 0.4651, 0.5356, 0.5059, 0.2602, 0.6475, 0.4352, 0.4958, 0.5652, 0.2723, 0.2599, 0.3701, 0.2055, 0.3884, 0.4516]),
 'map_small': tensor(0.0816),
 'mar_1': tensor(0.4118),
 'mar_10': tensor(0.5844),
 'mar_100': tensor(0.5992),
 'mar_100_per_class': tensor([0.6104, 0.4954, 0.6500, 0.6421, 0.6784, 0.6973, 0.6148, 0.6293, 0.6363, 0.4342, 0.7316, 0.5716, 0.6521, 0.6787, 0.4445, 0.5042, 0.5730, 0.4548, 0.7041, 0.5819]),
 'mar_large': tensor(0.6865),
 'mar_medium': tensor(0.4564),
 'mar_small': tensor(0.2338)}
Model:  4
{'classes': tensor([ 0,  1,  2,  3,  4,  5,  6,  7,  8,  9, 10, 11, 12, 13, 14, 15, 16, 17, 18, 19], dtype=torch.int32),
 'map': tensor(0.4208),
 'map_50': tensor(0.6062),
 'map_75': tensor(0.4513),
 'map_large': tensor(0.5149),
 'map_medium': tensor(0.2680),
 'map_per_class': tensor([0.4378, 0.3439, 0.4664, 0.4115, 0.4858, 0.5625, 0.4572, 0.5139, 0.5077, 0.2565, 0.6361, 0.4245, 0.4874, 0.5474, 0.2558, 0.2475, 0.3647, 0.1880, 0.3680, 0.4540]),
 'map_small': tensor(0.0764),
 'mar_1': tensor(0.4078),
 'mar_10': tensor(0.5729),
 'mar_100': tensor(0.5856),
 'mar_100_per_class': tensor([0.5966, 0.4787, 0.6409, 0.6297, 0.6700, 0.6882, 0.6208, 0.6064, 0.6424, 0.4358, 0.7175, 0.5592, 0.6423, 0.6663, 0.4202, 0.4678, 0.5436, 0.4208, 0.6832, 0.5821]),
 'mar_large': tensor(0.6709),
 'mar_medium': tensor(0.4484),
 'mar_small': tensor(0.2166)}
Method:  cs
Split:  10
Model:  1
{'classes': tensor([ 0,  1,  2,  3,  4,  5,  6,  7,  8,  9, 10, 11, 12, 13, 14, 15, 16, 17, 18, 19], dtype=torch.int32),
 'map': tensor(0.3743),
 'map_50': tensor(0.5602),
 'map_75': tensor(0.3988),
 'map_large': tensor(0.4474),
 'map_medium': tensor(0.2499),
 'map_per_class': tensor([0.4965, 0.2752, 0.4339, 0.3465, 0.3752, 0.4974, 0.3205, 0.4509, 0.4164, 0.1881, 0.6118, 0.4196, 0.4313, 0.4898, 0.2723, 0.2348, 0.3526, 0.1653, 0.3338, 0.3745]),
 'map_small': tensor(0.0707),
 'mar_1': tensor(0.3851),
 'mar_10': tensor(0.5877),
 'mar_100': tensor(0.6225),
 'mar_100_per_class': tensor([0.6578, 0.5121, 0.7028, 0.6752, 0.6897, 0.7426, 0.6212, 0.6161, 0.6350, 0.4517, 0.7403, 0.6068, 0.6628, 0.6644, 0.4888, 0.5629, 0.6064, 0.4959, 0.7328, 0.5853]),
 'mar_large': tensor(0.7062),
 'mar_medium': tensor(0.4910),
 'mar_small': tensor(0.2526)}
Model:  2
{'classes': tensor([ 0,  1,  2,  3,  4,  5,  6,  7,  8,  9, 10, 11, 12, 13, 14, 15, 16, 17, 18, 19], dtype=torch.int32),
 'map': tensor(0.3923),
 'map_50': tensor(0.5753),
 'map_75': tensor(0.4218),
 'map_large': tensor(0.4716),
 'map_medium': tensor(0.2587),
 'map_per_class': tensor([0.5036, 0.3099, 0.4705, 0.3267, 0.4229, 0.4982, 0.4029, 0.4749, 0.4590, 0.2279, 0.6190, 0.4393, 0.4552, 0.5255, 0.2692, 0.2254, 0.3495, 0.1370, 0.3397, 0.3903]),
 'map_small': tensor(0.0859),
 'mar_1': tensor(0.3879),
 'mar_10': tensor(0.5581),
 'mar_100': tensor(0.5709),
 'mar_100_per_class': tensor([0.6302, 0.4692, 0.6882, 0.6147, 0.6409, 0.6700, 0.5992, 0.5762, 0.5858, 0.4110, 0.7159, 0.5708, 0.6287, 0.6462, 0.4067, 0.4721, 0.5553, 0.3613, 0.6470, 0.5285]),
 'mar_large': tensor(0.6536),
 'mar_medium': tensor(0.4349),
 'mar_small': tensor(0.2093)}
Model:  3
{'classes': tensor([ 0,  1,  2,  3,  4,  5,  6,  7,  8,  9, 10, 11, 12, 13, 14, 15, 16, 17, 18, 19], dtype=torch.int32),
 'map': tensor(0.3809),
 'map_50': tensor(0.5624),
 'map_75': tensor(0.4121),
 'map_large': tensor(0.4596),
 'map_medium': tensor(0.2524),
 'map_per_class': tensor([0.4897, 0.3010, 0.4519, 0.3201, 0.4104, 0.4927, 0.3656, 0.4671, 0.4745, 0.2209, 0.6242, 0.4308, 0.4295, 0.5190, 0.2609, 0.2154, 0.3247, 0.1219, 0.3182, 0.3794]),
 'map_small': tensor(0.0718),
 'mar_1': tensor(0.3809),
 'mar_10': tensor(0.5447),
 'mar_100': tensor(0.5561),
 'mar_100_per_class': tensor([0.6138, 0.4542, 0.6542, 0.6029, 0.6226, 0.6692, 0.5802, 0.5781, 0.5871, 0.3980, 0.6994, 0.5598, 0.6136, 0.6538, 0.3963, 0.4363, 0.5259, 0.3448, 0.6044, 0.5278]),
 'mar_large': tensor(0.6399),
 'mar_medium': tensor(0.4129),
 'mar_small': tensor(0.1846)}
Model:  4
{'classes': tensor([ 0,  1,  2,  3,  4,  5,  6,  7,  8,  9, 10, 11, 12, 13, 14, 15, 16, 17, 18, 19], dtype=torch.int32),
 'map': tensor(0.3743),
 'map_50': tensor(0.5555),
 'map_75': tensor(0.4037),
 'map_large': tensor(0.4540),
 'map_medium': tensor(0.2376),
 'map_per_class': tensor([0.4856, 0.2941, 0.4378, 0.3093, 0.4077, 0.4924, 0.3585, 0.4602, 0.4627, 0.2158, 0.6041, 0.4275, 0.4279, 0.5110, 0.2514, 0.2112, 0.3083, 0.1189, 0.3176, 0.3847]),
 'map_small': tensor(0.0648),
 'mar_1': tensor(0.3750),
 'mar_10': tensor(0.5328),
 'mar_100': tensor(0.5421),
 'mar_100_per_class': tensor([0.6061, 0.4491, 0.6453, 0.5816, 0.6169, 0.6584, 0.5695, 0.5539, 0.5784, 0.3762, 0.6825, 0.5489, 0.6024, 0.6383, 0.3729, 0.4131, 0.5003, 0.3338, 0.5953, 0.5193]),
 'mar_large': tensor(0.6256),
 'mar_medium': tensor(0.4017),
 'mar_small': tensor(0.1766)}
Split:  20
Model:  1
{'classes': tensor([ 0,  1,  2,  3,  4,  5,  6,  7,  8,  9, 10, 11, 12, 13, 14, 15, 16, 17, 18, 19], dtype=torch.int32),
 'map': tensor(0.4187),
 'map_50': tensor(0.6154),
 'map_75': tensor(0.4486),
 'map_large': tensor(0.5012),
 'map_medium': tensor(0.2782),
 'map_per_class': tensor([0.5176, 0.3395, 0.4651, 0.3701, 0.4535, 0.5271, 0.4507, 0.4647, 0.4992, 0.2415, 0.6289, 0.4498, 0.4776, 0.5368, 0.2755, 0.2985, 0.4057, 0.2045, 0.3390, 0.4291]),
 'map_small': tensor(0.0812),
 'mar_1': tensor(0.4083),
 'mar_10': tensor(0.6060),
 'mar_100': tensor(0.6342),
 'mar_100_per_class': tensor([0.6701, 0.5328, 0.6947, 0.6778, 0.7088, 0.7048, 0.6495, 0.6221, 0.6529, 0.4923, 0.7419, 0.6223, 0.6673, 0.6927, 0.4698, 0.5941, 0.6457, 0.5031, 0.7354, 0.6058]),
 'mar_large': tensor(0.7149),
 'mar_medium': tensor(0.4935),
 'mar_small': tensor(0.2562)}
Model:  2
{'classes': tensor([ 0,  1,  2,  3,  4,  5,  6,  7,  8,  9, 10, 11, 12, 13, 14, 15, 16, 17, 18, 19], dtype=torch.int32),
 'map': tensor(0.4152),
 'map_50': tensor(0.6109),
 'map_75': tensor(0.4433),
 'map_large': tensor(0.4977),
 'map_medium': tensor(0.2803),
 'map_per_class': tensor([0.5171, 0.3472, 0.4499, 0.3995, 0.4440, 0.5256, 0.4408, 0.4615, 0.4885, 0.2522, 0.6297, 0.4731, 0.4789, 0.5394, 0.2742, 0.2821, 0.3522, 0.2089, 0.3168, 0.4225]),
 'map_small': tensor(0.0783),
 'mar_1': tensor(0.3996),
 'mar_10': tensor(0.5743),
 'mar_100': tensor(0.5896),
 'mar_100_per_class': tensor([0.6450, 0.5021, 0.6650, 0.6317, 0.6506, 0.6692, 0.6078, 0.5686, 0.6374, 0.4507, 0.7237, 0.5990, 0.6327, 0.6483, 0.4064, 0.5248, 0.5495, 0.4229, 0.6827, 0.5742]),
 'mar_large': tensor(0.6717),
 'mar_medium': tensor(0.4508),
 'mar_small': tensor(0.2045)}
Model:  3
{'classes': tensor([ 0,  1,  2,  3,  4,  5,  6,  7,  8,  9, 10, 11, 12, 13, 14, 15, 16, 17, 18, 19], dtype=torch.int32),
 'map': tensor(0.4024),
 'map_50': tensor(0.5974),
 'map_75': tensor(0.4303),
 'map_large': tensor(0.4848),
 'map_medium': tensor(0.2606),
 'map_per_class': tensor([0.5047, 0.3307, 0.4270, 0.3857, 0.4128, 0.5115, 0.4260, 0.4504, 0.4814, 0.2192, 0.6186, 0.4683, 0.4666, 0.5181, 0.2637, 0.2742, 0.3437, 0.2096, 0.3186, 0.4177]),
 'map_small': tensor(0.0797),
 'mar_1': tensor(0.3943),
 'mar_10': tensor(0.5610),
 'mar_100': tensor(0.5729),
 'mar_100_per_class': tensor([0.6298, 0.4844, 0.6427, 0.6153, 0.6137, 0.6571, 0.5988, 0.5682, 0.6087, 0.4100, 0.7066, 0.5865, 0.6199, 0.6410, 0.3895, 0.5043, 0.5374, 0.4116, 0.6620, 0.5700]),
 'mar_large': tensor(0.6554),
 'mar_medium': tensor(0.4317),
 'mar_small': tensor(0.1756)}
Model:  4
{'classes': tensor([ 0,  1,  2,  3,  4,  5,  6,  7,  8,  9, 10, 11, 12, 13, 14, 15, 16, 17, 18, 19], dtype=torch.int32),
 'map': tensor(0.3999),
 'map_50': tensor(0.5926),
 'map_75': tensor(0.4290),
 'map_large': tensor(0.4825),
 'map_medium': tensor(0.2607),
 'map_per_class': tensor([0.4990, 0.3256, 0.4386, 0.3793, 0.4138, 0.5117, 0.4205, 0.4377, 0.4791, 0.2248, 0.6404, 0.4614, 0.4640, 0.5267, 0.2557, 0.2623, 0.3343, 0.1903, 0.3125, 0.4198]),
 'map_small': tensor(0.0702),
 'mar_1': tensor(0.3913),
 'mar_10': tensor(0.5525),
 'mar_100': tensor(0.5635),
 'mar_100_per_class': tensor([0.6224, 0.4639, 0.6293, 0.6127, 0.6048, 0.6517, 0.5864, 0.5430, 0.6021, 0.4053, 0.7234, 0.5773, 0.6316, 0.6398, 0.3864, 0.4725, 0.5337, 0.3788, 0.6540, 0.5505]),
 'mar_large': tensor(0.6470),
 'mar_medium': tensor(0.4211),
 'mar_small': tensor(0.1683)}
Split:  50
Model:  1
{'classes': tensor([ 0,  1,  2,  3,  4,  5,  6,  7,  8,  9, 10, 11, 12, 13, 14, 15, 16, 17, 18, 19], dtype=torch.int32),
 'map': tensor(0.4635),
 'map_50': tensor(0.6643),
 'map_75': tensor(0.4982),
 'map_large': tensor(0.5535),
 'map_medium': tensor(0.3098),
 'map_per_class': tensor([0.5332, 0.3649, 0.5320, 0.4835, 0.5063, 0.5677, 0.5071, 0.5457, 0.5266, 0.2785, 0.6445, 0.4859, 0.5273, 0.5823, 0.3235, 0.3173, 0.4124, 0.2550, 0.4149, 0.4608]),
 'map_small': tensor(0.1147),
 'mar_1': tensor(0.4273),
 'mar_10': tensor(0.6325),
 'mar_100': tensor(0.6590),
 'mar_100_per_class': tensor([0.6798, 0.5647, 0.7345, 0.6905, 0.7378, 0.7504, 0.6738, 0.6767, 0.6839, 0.5155, 0.7559, 0.6374, 0.6883, 0.7310, 0.5243, 0.5982, 0.6417, 0.5216, 0.7478, 0.6266]),
 'mar_large': tensor(0.7358),
 'mar_medium': tensor(0.5424),
 'mar_small': tensor(0.3010)}
Model:  2
{'classes': tensor([ 0,  1,  2,  3,  4,  5,  6,  7,  8,  9, 10, 11, 12, 13, 14, 15, 16, 17, 18, 19], dtype=torch.int32),
 'map': tensor(0.4597),
 'map_50': tensor(0.6560),
 'map_75': tensor(0.4987),
 'map_large': tensor(0.5524),
 'map_medium': tensor(0.3014),
 'map_per_class': tensor([0.5299, 0.3786, 0.4994, 0.4782, 0.5288, 0.5717, 0.5087, 0.5436, 0.5139, 0.2712, 0.6450, 0.4843, 0.5272, 0.5775, 0.3288, 0.3086, 0.3935, 0.2289, 0.4128, 0.4634]),
 'map_small': tensor(0.1005),
 'mar_1': tensor(0.4232),
 'mar_10': tensor(0.6135),
 'mar_100': tensor(0.6325),
 'mar_100_per_class': tensor([0.6607, 0.5356, 0.6887, 0.6772, 0.7160, 0.7164, 0.6410, 0.6479, 0.6603, 0.4949, 0.7350, 0.6145, 0.6801, 0.7073, 0.4932, 0.5651, 0.5968, 0.4921, 0.7450, 0.5826]),
 'mar_large': tensor(0.7123),
 'mar_medium': tensor(0.5021),
 'mar_small': tensor(0.2561)}
Model:  3
{'classes': tensor([ 0,  1,  2,  3,  4,  5,  6,  7,  8,  9, 10, 11, 12, 13, 14, 15, 16, 17, 18, 19], dtype=torch.int32),
 'map': tensor(0.4508),
 'map_50': tensor(0.6476),
 'map_75': tensor(0.4859),
 'map_large': tensor(0.5405),
 'map_medium': tensor(0.2979),
 'map_per_class': tensor([0.5225, 0.3841, 0.5050, 0.4661, 0.5035, 0.5578, 0.4973, 0.5278, 0.5163, 0.2697, 0.6346, 0.4746, 0.4969, 0.5742, 0.3171, 0.2996, 0.3763, 0.2245, 0.4074, 0.4604]),
 'map_small': tensor(0.0996),
 'mar_1': tensor(0.4202),
 'mar_10': tensor(0.6008),
 'mar_100': tensor(0.6176),
 'mar_100_per_class': tensor([0.6500, 0.5205, 0.6819, 0.6571, 0.6965, 0.6944, 0.6299, 0.6421, 0.6392, 0.4760, 0.7306, 0.6010, 0.6556, 0.6967, 0.4804, 0.5342, 0.5832, 0.4679, 0.7359, 0.5792]),
 'mar_large': tensor(0.6978),
 'mar_medium': tensor(0.4855),
 'mar_small': tensor(0.2478)}
Model:  4
{'classes': tensor([ 0,  1,  2,  3,  4,  5,  6,  7,  8,  9, 10, 11, 12, 13, 14, 15, 16, 17, 18, 19], dtype=torch.int32),
 'map': tensor(0.4457),
 'map_50': tensor(0.6414),
 'map_75': tensor(0.4812),
 'map_large': tensor(0.5359),
 'map_medium': tensor(0.2944),
 'map_per_class': tensor([0.5167, 0.3723, 0.4989, 0.4585, 0.5033, 0.5549, 0.4860, 0.5204, 0.4998, 0.2780, 0.6284, 0.4794, 0.5045, 0.5623, 0.3105, 0.2907, 0.3849, 0.2217, 0.3925, 0.4513]),
 'map_small': tensor(0.1002),
 'mar_1': tensor(0.4176),
 'mar_10': tensor(0.5957),
 'mar_100': tensor(0.6117),
 'mar_100_per_class': tensor([0.6433, 0.5167, 0.6697, 0.6427, 0.6843, 0.6968, 0.6179, 0.6376, 0.6308, 0.4786, 0.7191, 0.6014, 0.6713, 0.6891, 0.4737, 0.5268, 0.5706, 0.4697, 0.7222, 0.5708]),
 'mar_large': tensor(0.6929),
 'mar_medium': tensor(0.4827),
 'mar_small': tensor(0.2483)}
Method:  cs_dt
Split:  10
Model:  1
{'classes': tensor([ 0,  1,  2,  3,  4,  5,  6,  7,  8,  9, 10, 11, 12, 13, 14, 15, 16, 17, 18, 19], dtype=torch.int32),
 'map': tensor(0.3881),
 'map_50': tensor(0.5831),
 'map_75': tensor(0.4113),
 'map_large': tensor(0.4668),
 'map_medium': tensor(0.2611),
 'map_per_class': tensor([0.4924, 0.2829, 0.4742, 0.3723, 0.4002, 0.4797, 0.4457, 0.4703, 0.4410, 0.1986, 0.5920, 0.4406, 0.4490, 0.4918, 0.2650, 0.2611, 0.2991, 0.1922, 0.2875, 0.4257]),
 'map_small': tensor(0.0856),
 'mar_1': tensor(0.3908),
 'mar_10': tensor(0.5993),
 'mar_100': tensor(0.6357),
 'mar_100_per_class': tensor([0.6640, 0.5452, 0.7244, 0.6746, 0.7131, 0.7088, 0.6676, 0.6494, 0.6589, 0.4737, 0.7416, 0.6305, 0.6606, 0.6960, 0.4902, 0.5620, 0.5813, 0.4965, 0.7452, 0.6300]),
 'mar_large': tensor(0.7155),
 'mar_medium': tensor(0.5094),
 'mar_small': tensor(0.2778)}
Model:  2
{'classes': tensor([ 0,  1,  2,  3,  4,  5,  6,  7,  8,  9, 10, 11, 12, 13, 14, 15, 16, 17, 18, 19], dtype=torch.int32),
 'map': tensor(0.4014),
 'map_50': tensor(0.5888),
 'map_75': tensor(0.4295),
 'map_large': tensor(0.4795),
 'map_medium': tensor(0.2678),
 'map_per_class': tensor([0.4937, 0.3228, 0.4814, 0.3867, 0.4350, 0.4964, 0.4490, 0.4709, 0.4548, 0.2232, 0.6139, 0.4585, 0.4291, 0.5228, 0.2616, 0.2525, 0.3178, 0.2051, 0.3450, 0.4071]),
 'map_small': tensor(0.0867),
 'mar_1': tensor(0.3918),
 'mar_10': tensor(0.5649),
 'mar_100': tensor(0.5796),
 'mar_100_per_class': tensor([0.6210, 0.4890, 0.6634, 0.6331, 0.6666, 0.6676, 0.6122, 0.5942, 0.5987, 0.4285, 0.7078, 0.5928, 0.5856, 0.6584, 0.3928, 0.4769, 0.5222, 0.4356, 0.6806, 0.5640]),
 'mar_large': tensor(0.6592),
 'mar_medium': tensor(0.4388),
 'mar_small': tensor(0.2248)}
Model:  3
{'classes': tensor([ 0,  1,  2,  3,  4,  5,  6,  7,  8,  9, 10, 11, 12, 13, 14, 15, 16, 17, 18, 19], dtype=torch.int32),
 'map': tensor(0.3902),
 'map_50': tensor(0.5792),
 'map_75': tensor(0.4189),
 'map_large': tensor(0.4675),
 'map_medium': tensor(0.2518),
 'map_per_class': tensor([0.4859, 0.3223, 0.4626, 0.3345, 0.4099, 0.4734, 0.4324, 0.4566, 0.4349, 0.2120, 0.6137, 0.4556, 0.4232, 0.5030, 0.2547, 0.2378, 0.3290, 0.2070, 0.3390, 0.4154]),
 'map_small': tensor(0.0844),
 'mar_1': tensor(0.3858),
 'mar_10': tensor(0.5492),
 'mar_100': tensor(0.5612),
 'mar_100_per_class': tensor([0.6054, 0.4773, 0.6529, 0.5885, 0.6450, 0.6381, 0.6025, 0.5802, 0.5653, 0.4014, 0.7003, 0.5792, 0.5678, 0.6322, 0.3937, 0.4460, 0.5142, 0.4275, 0.6532, 0.5543]),
 'mar_large': tensor(0.6419),
 'mar_medium': tensor(0.4230),
 'mar_small': tensor(0.2116)}
Model:  4
{'classes': tensor([ 0,  1,  2,  3,  4,  5,  6,  7,  8,  9, 10, 11, 12, 13, 14, 15, 16, 17, 18, 19], dtype=torch.int32),
 'map': tensor(0.3820),
 'map_50': tensor(0.5668),
 'map_75': tensor(0.4108),
 'map_large': tensor(0.4597),
 'map_medium': tensor(0.2436),
 'map_per_class': tensor([0.4813, 0.3111, 0.4493, 0.3312, 0.3916, 0.4534, 0.4271, 0.4576, 0.4332, 0.2157, 0.6026, 0.4499, 0.4102, 0.4974, 0.2467, 0.2359, 0.3187, 0.1839, 0.3305, 0.4135]),
 'map_small': tensor(0.0750),
 'mar_1': tensor(0.3809),
 'mar_10': tensor(0.5393),
 'mar_100': tensor(0.5492),
 'mar_100_per_class': tensor([0.6024, 0.4569, 0.6502, 0.5703, 0.6105, 0.6314, 0.5990, 0.5640, 0.5653, 0.3963, 0.6913, 0.5697, 0.5665, 0.6264, 0.3707, 0.4322, 0.5118, 0.3950, 0.6354, 0.5396]),
 'mar_large': tensor(0.6295),
 'mar_medium': tensor(0.4068),
 'mar_small': tensor(0.1863)}
Split:  20
Model:  1
{'classes': tensor([ 0,  1,  2,  3,  4,  5,  6,  7,  8,  9, 10, 11, 12, 13, 14, 15, 16, 17, 18, 19], dtype=torch.int32),
 'map': tensor(0.4236),
 'map_50': tensor(0.6206),
 'map_75': tensor(0.4549),
 'map_large': tensor(0.5088),
 'map_medium': tensor(0.2753),
 'map_per_class': tensor([0.5136, 0.3242, 0.4853, 0.4100, 0.4513, 0.5192, 0.4521, 0.4834, 0.5000, 0.2558, 0.6382, 0.4454, 0.4864, 0.5233, 0.2846, 0.2702, 0.3815, 0.2411, 0.3623, 0.4450]),
 'map_small': tensor(0.0844),
 'mar_1': tensor(0.4100),
 'mar_10': tensor(0.6144),
 'mar_100': tensor(0.6441),
 'mar_100_per_class': tensor([0.6709, 0.5286, 0.7241, 0.7009, 0.7219, 0.7429, 0.6553, 0.6498, 0.6782, 0.5035, 0.7566, 0.6275, 0.6718, 0.6884, 0.4667, 0.5889, 0.6321, 0.5179, 0.7388, 0.6171]),
 'mar_large': tensor(0.7237),
 'mar_medium': tensor(0.5228),
 'mar_small': tensor(0.2590)}
Model:  2
{'classes': tensor([ 0,  1,  2,  3,  4,  5,  6,  7,  8,  9, 10, 11, 12, 13, 14, 15, 16, 17, 18, 19], dtype=torch.int32),
 'map': tensor(0.4257),
 'map_50': tensor(0.6192),
 'map_75': tensor(0.4610),
 'map_large': tensor(0.5096),
 'map_medium': tensor(0.2836),
 'map_per_class': tensor([0.5090, 0.3495, 0.5062, 0.4186, 0.4368, 0.5341, 0.4384, 0.5007, 0.5009, 0.2806, 0.6257, 0.4469, 0.4730, 0.5408, 0.3065, 0.2800, 0.3708, 0.2181, 0.3484, 0.4294]),
 'map_small': tensor(0.0918),
 'mar_1': tensor(0.4079),
 'mar_10': tensor(0.5876),
 'mar_100': tensor(0.6052),
 'mar_100_per_class': tensor([0.6372, 0.5017, 0.6615, 0.6651, 0.6794, 0.6995, 0.6181, 0.5965, 0.6387, 0.4833, 0.7606, 0.5986, 0.6415, 0.6626, 0.4509, 0.5161, 0.5773, 0.4356, 0.7090, 0.5713]),
 'mar_large': tensor(0.6840),
 'mar_medium': tensor(0.4744),
 'mar_small': tensor(0.2376)}
Model:  3
{'classes': tensor([ 0,  1,  2,  3,  4,  5,  6,  7,  8,  9, 10, 11, 12, 13, 14, 15, 16, 17, 18, 19], dtype=torch.int32),
 'map': tensor(0.4142),
 'map_50': tensor(0.6088),
 'map_75': tensor(0.4439),
 'map_large': tensor(0.4967),
 'map_medium': tensor(0.2784),
 'map_per_class': tensor([0.5038, 0.3246, 0.4804, 0.3843, 0.4308, 0.5080, 0.4402, 0.4833, 0.4985, 0.2720, 0.6211, 0.4461, 0.4643, 0.5284, 0.2996, 0.2645, 0.3500, 0.2172, 0.3380, 0.4297]),
 'map_small': tensor(0.0849),
 'mar_1': tensor(0.3982),
 'mar_10': tensor(0.5737),
 'mar_100': tensor(0.5877),
 'mar_100_per_class': tensor([0.6256, 0.4789, 0.6539, 0.6539, 0.6475, 0.6748, 0.6080, 0.5795, 0.6216, 0.4656, 0.7441, 0.5892, 0.6303, 0.6553, 0.4255, 0.4823, 0.5580, 0.4090, 0.6922, 0.5582]),
 'mar_large': tensor(0.6669),
 'mar_medium': tensor(0.4532),
 'mar_small': tensor(0.2088)}
Model:  4
{'classes': tensor([ 0,  1,  2,  3,  4,  5,  6,  7,  8,  9, 10, 11, 12, 13, 14, 15, 16, 17, 18, 19], dtype=torch.int32),
 'map': tensor(0.4067),
 'map_50': tensor(0.5993),
 'map_75': tensor(0.4367),
 'map_large': tensor(0.4914),
 'map_medium': tensor(0.2674),
 'map_per_class': tensor([0.4990, 0.3164, 0.4545, 0.3716, 0.4172, 0.5079, 0.4285, 0.4780, 0.4831, 0.2703, 0.6154, 0.4414, 0.4721, 0.5236, 0.2792, 0.2576, 0.3454, 0.2120, 0.3378, 0.4232]),
 'map_small': tensor(0.0854),
 'mar_1': tensor(0.3953),
 'mar_10': tensor(0.5669),
 'mar_100': tensor(0.5779),
 'mar_100_per_class': tensor([0.6170, 0.4588, 0.6264, 0.6331, 0.6362, 0.6705, 0.6054, 0.5727, 0.6337, 0.4521, 0.7419, 0.5798, 0.6322, 0.6517, 0.4157, 0.4646, 0.5460, 0.3969, 0.6775, 0.5449]),
 'mar_large': tensor(0.6588),
 'mar_medium': tensor(0.4382),
 'mar_small': tensor(0.2008)}
Split:  50
Model:  1
{'classes': tensor([ 0,  1,  2,  3,  4,  5,  6,  7,  8,  9, 10, 11, 12, 13, 14, 15, 16, 17, 18, 19], dtype=torch.int32),
 'map': tensor(0.4637),
 'map_50': tensor(0.6610),
 'map_75': tensor(0.5031),
 'map_large': tensor(0.5529),
 'map_medium': tensor(0.3094),
 'map_per_class': tensor([0.5287, 0.3878, 0.5316, 0.4605, 0.5125, 0.5738, 0.4965, 0.5304, 0.5273, 0.2814, 0.6711, 0.4939, 0.5287, 0.5802, 0.3087, 0.3213, 0.3971, 0.2676, 0.3877, 0.4869]),
 'map_small': tensor(0.1134),
 'mar_1': tensor(0.4276),
 'mar_10': tensor(0.6305),
 'mar_100': tensor(0.6578),
 'mar_100_per_class': tensor([0.6751, 0.5653, 0.7316, 0.6951, 0.7334, 0.7475, 0.6643, 0.6707, 0.6792, 0.5143, 0.7697, 0.6530, 0.6902, 0.7237, 0.5138, 0.6103, 0.6278, 0.5208, 0.7457, 0.6251]),
 'mar_large': tensor(0.7372),
 'mar_medium': tensor(0.5311),
 'mar_small': tensor(0.2932)}
Model:  2
{'classes': tensor([ 0,  1,  2,  3,  4,  5,  6,  7,  8,  9, 10, 11, 12, 13, 14, 15, 16, 17, 18, 19], dtype=torch.int32),
 'map': tensor(0.4590),
 'map_50': tensor(0.6563),
 'map_75': tensor(0.4970),
 'map_large': tensor(0.5499),
 'map_medium': tensor(0.3018),
 'map_per_class': tensor([0.5239, 0.3992, 0.5166, 0.4613, 0.5148, 0.5478, 0.4913, 0.5267, 0.5239, 0.2769, 0.6419, 0.4966, 0.5234, 0.5821, 0.3109, 0.3113, 0.3932, 0.2450, 0.4146, 0.4788]),
 'map_small': tensor(0.1165),
 'mar_1': tensor(0.4227),
 'mar_10': tensor(0.6145),
 'mar_100': tensor(0.6346),
 'mar_100_per_class': tensor([0.6502, 0.5560, 0.6956, 0.6781, 0.7124, 0.7099, 0.6423, 0.6417, 0.6579, 0.5000, 0.7441, 0.6246, 0.6851, 0.7155, 0.4832, 0.5655, 0.6003, 0.4769, 0.7323, 0.6196]),
 'mar_large': tensor(0.7149),
 'mar_medium': tensor(0.5026),
 'mar_small': tensor(0.2687)}
Model:  3
{'classes': tensor([ 0,  1,  2,  3,  4,  5,  6,  7,  8,  9, 10, 11, 12, 13, 14, 15, 16, 17, 18, 19], dtype=torch.int32),
 'map': tensor(0.4499),
 'map_50': tensor(0.6469),
 'map_75': tensor(0.4807),
 'map_large': tensor(0.5389),
 'map_medium': tensor(0.2985),
 'map_per_class': tensor([0.5198, 0.3719, 0.4963, 0.4366, 0.5033, 0.5439, 0.4894, 0.5143, 0.5141, 0.2692, 0.6584, 0.4851, 0.5197, 0.5803, 0.3021, 0.3057, 0.3809, 0.2266, 0.4078, 0.4734]),
 'map_small': tensor(0.1172),
 'mar_1': tensor(0.4170),
 'mar_10': tensor(0.6026),
 'mar_100': tensor(0.6202),
 'mar_100_per_class': tensor([0.6432, 0.5226, 0.6730, 0.6553, 0.6909, 0.7088, 0.6330, 0.6481, 0.6455, 0.4792, 0.7406, 0.6087, 0.6699, 0.7094, 0.4685, 0.5315, 0.5687, 0.4731, 0.7214, 0.6128]),
 'mar_large': tensor(0.7015),
 'mar_medium': tensor(0.4862),
 'mar_small': tensor(0.2631)}
Model:  4
{'classes': tensor([ 0,  1,  2,  3,  4,  5,  6,  7,  8,  9, 10, 11, 12, 13, 14, 15, 16, 17, 18, 19], dtype=torch.int32),
 'map': tensor(0.4424),
 'map_50': tensor(0.6375),
 'map_75': tensor(0.4737),
 'map_large': tensor(0.5337),
 'map_medium': tensor(0.2844),
 'map_per_class': tensor([0.5097, 0.3630, 0.4785, 0.4291, 0.4930, 0.5514, 0.4781, 0.5037, 0.5172, 0.2674, 0.6545, 0.4821, 0.5045, 0.5728, 0.2966, 0.2918, 0.3847, 0.2185, 0.3896, 0.4619]),
 'map_small': tensor(0.0987),
 'mar_1': tensor(0.4114),
 'mar_10': tensor(0.5933),
 'mar_100': tensor(0.6099),
 'mar_100_per_class': tensor([0.6317, 0.5251, 0.6576, 0.6571, 0.6894, 0.6957, 0.6179, 0.6289, 0.6411, 0.4593, 0.7434, 0.6080, 0.6511, 0.6988, 0.4585, 0.5066, 0.5636, 0.4581, 0.7075, 0.5983]),
 'mar_large': tensor(0.6918),
 'mar_medium': tensor(0.4674),
 'mar_small': tensor(0.2630)}

Process finished with exit code 0